c:\users\mario.capin\documents\visual studio 2017\projects\relations\composition\debug\vc141.pdb
c:\users\mario.capin\documents\visual studio 2017\projects\relations\composition\debug\vc141.idb
c:\users\mario.capin\documents\visual studio 2017\projects\relations\composition\debug\main.obj
c:\users\mario.capin\documents\visual studio 2017\projects\relations\composition\debug\vcpkg.applocal.log
c:\users\mario.capin\documents\visual studio 2017\projects\relations\debug\composition.ilk
c:\users\mario.capin\documents\visual studio 2017\projects\relations\debug\composition.exe
c:\users\mario.capin\documents\visual studio 2017\projects\relations\debug\composition.pdb
c:\users\mario.capin\documents\visual studio 2017\projects\relations\composition\debug\auto.obj
c:\users\mario.capin\documents\visual studio 2017\projects\relations\composition\debug\composition.tlog\cl.command.1.tlog
c:\users\mario.capin\documents\visual studio 2017\projects\relations\composition\debug\composition.tlog\cl.read.1.tlog
c:\users\mario.capin\documents\visual studio 2017\projects\relations\composition\debug\composition.tlog\cl.write.1.tlog
c:\users\mario.capin\documents\visual studio 2017\projects\relations\composition\debug\composition.tlog\composition.write.1u.tlog
c:\users\mario.capin\documents\visual studio 2017\projects\relations\composition\debug\composition.tlog\link-cvtres.read.1.tlog
c:\users\mario.capin\documents\visual studio 2017\projects\relations\composition\debug\composition.tlog\link-cvtres.write.1.tlog
c:\users\mario.capin\documents\visual studio 2017\projects\relations\composition\debug\composition.tlog\link-rc.read.1.tlog
c:\users\mario.capin\documents\visual studio 2017\projects\relations\composition\debug\composition.tlog\link-rc.write.1.tlog
c:\users\mario.capin\documents\visual studio 2017\projects\relations\composition\debug\composition.tlog\link.9436-cvtres.read.1.tlog
c:\users\mario.capin\documents\visual studio 2017\projects\relations\composition\debug\composition.tlog\link.9436-cvtres.write.1.tlog
c:\users\mario.capin\documents\visual studio 2017\projects\relations\composition\debug\composition.tlog\link.9436-rc.read.1.tlog
c:\users\mario.capin\documents\visual studio 2017\projects\relations\composition\debug\composition.tlog\link.9436-rc.write.1.tlog
c:\users\mario.capin\documents\visual studio 2017\projects\relations\composition\debug\composition.tlog\link.9436.read.1.tlog
c:\users\mario.capin\documents\visual studio 2017\projects\relations\composition\debug\composition.tlog\link.9436.write.1.tlog
c:\users\mario.capin\documents\visual studio 2017\projects\relations\composition\debug\composition.tlog\link.command.1.tlog
c:\users\mario.capin\documents\visual studio 2017\projects\relations\composition\debug\composition.tlog\link.read.1.tlog
c:\users\mario.capin\documents\visual studio 2017\projects\relations\composition\debug\composition.tlog\link.write.1.tlog
